[ 2017-10-12T16:36:36+08:00 ] ::1 /
INFO: [ app_init ] --START--
INFO: Run Behavior\BuildLiteBehavior [ RunTime:0.000067s ]
INFO: [ app_init ] --END-- [ RunTime:0.001230s ]
INFO: [ app_begin ] --START--
INFO: Run Behavior\ReadHtmlCacheBehavior [ RunTime:0.000972s ]
INFO: [ app_begin ] --END-- [ RunTime:0.001035s ]
INFO: [ view_parse ] --START--
INFO: [ template_filter ] --START--
INFO: Run Behavior\ContentReplaceBehavior [ RunTime:0.000135s ]
INFO: [ template_filter ] --END-- [ RunTime:0.000186s ]
INFO: Run Behavior\ParseTemplateBehavior [ RunTime:0.008594s ]
INFO: [ view_parse ] --END-- [ RunTime:0.008659s ]
INFO: [ view_filter ] --START--
INFO: Run Behavior\WriteHtmlCacheBehavior [ RunTime:0.000159s ]
INFO: [ view_filter ] --END-- [ RunTime:0.000184s ]
INFO: [ app_end ] --START--
INFO: Run Behavior\ShowPageTraceBehavior [ RunTime:0.000496s ]
INFO: [ app_end ] --END-- [ RunTime:0.000531s ]

[ 2017-10-12T16:36:49+08:00 ] ::1 /index.php/Home/Index/signup
INFO: [ app_init ] --START--
INFO: Run Behavior\BuildLiteBehavior [ RunTime:0.000038s ]
INFO: [ app_init ] --END-- [ RunTime:0.001097s ]
INFO: [ app_begin ] --START--
INFO: Run Behavior\ReadHtmlCacheBehavior [ RunTime:0.000891s ]
INFO: [ app_begin ] --END-- [ RunTime:0.001016s ]
SQL: SHOW COLUMNS FROM `think_user` [ RunTime:0.0103s ]
NOTIC: [8] Undefined index: validate /Applications/MAMP/htdocs/ThinkPHP/Library/Think/Model.class.php 第 1185 行.
NOTIC: [8] Undefined index: auto /Applications/MAMP/htdocs/ThinkPHP/Library/Think/Model.class.php 第 1128 行.
SQL: INSERT INTO `think_user` (`name`,`password`,`email`) VALUES ('2','2','qwrqr') [ RunTime:0.0042s ]
INFO: [ app_end ] --START--
INFO: Run Behavior\ShowPageTraceBehavior [ RunTime:0.000483s ]
INFO: [ app_end ] --END-- [ RunTime:0.000519s ]

[ 2017-10-12T16:37:46+08:00 ] ::1 /index.php/Home/Index/signup
INFO: [ app_init ] --START--
INFO: Run Behavior\BuildLiteBehavior [ RunTime:0.000019s ]
INFO: [ app_init ] --END-- [ RunTime:0.000600s ]
INFO: [ app_begin ] --START--
INFO: Run Behavior\ReadHtmlCacheBehavior [ RunTime:0.000624s ]
INFO: [ app_begin ] --END-- [ RunTime:0.000671s ]
SQL: SHOW COLUMNS FROM `think_user` [ RunTime:0.0039s ]
NOTIC: [8] Undefined index: validate /Applications/MAMP/htdocs/ThinkPHP/Library/Think/Model.class.php 第 1185 行.
NOTIC: [8] Undefined index: auto /Applications/MAMP/htdocs/ThinkPHP/Library/Think/Model.class.php 第 1128 行.
ERR: 1062:Duplicate entry 'qwrqr' for key 'email'
 [ SQL语句 ] : INSERT INTO `think_user` (`name`,`password`,`email`) VALUES ('2','','qwrqr')
ERR: 1062:Duplicate entry 'qwrqr' for key 'email'
 [ SQL语句 ] : INSERT INTO `think_user` (`name`,`password`,`email`) VALUES ('2','','qwrqr')

[ 2017-10-12T17:41:46+08:00 ] ::1 /index.php/Home/Index/signup
INFO: [ app_init ] --START--
INFO: Run Behavior\BuildLiteBehavior [ RunTime:0.000021s ]
INFO: [ app_init ] --END-- [ RunTime:0.000664s ]
INFO: [ app_begin ] --START--
INFO: Run Behavior\ReadHtmlCacheBehavior [ RunTime:0.000932s ]
INFO: [ app_begin ] --END-- [ RunTime:0.001051s ]
SQL: SHOW COLUMNS FROM `think_user` [ RunTime:0.0054s ]
NOTIC: [8] Undefined index: validate /Applications/MAMP/htdocs/ThinkPHP/Library/Think/Model.class.php 第 1185 行.
NOTIC: [8] Undefined index: auto /Applications/MAMP/htdocs/ThinkPHP/Library/Think/Model.class.php 第 1128 行.
SQL: INSERT INTO `think_user` (`name`,`password`,`email`) VALUES ('2','2','威尔') [ RunTime:0.0021s ]
INFO: [ app_end ] --START--
INFO: Run Behavior\ShowPageTraceBehavior [ RunTime:0.001731s ]
INFO: [ app_end ] --END-- [ RunTime:0.001809s ]

[ 2017-10-12T17:52:43+08:00 ] ::1 /index.php/Home/Index/signup
INFO: [ app_init ] --START--
INFO: Run Behavior\BuildLiteBehavior [ RunTime:0.000021s ]
INFO: [ app_init ] --END-- [ RunTime:0.000693s ]
INFO: [ app_begin ] --START--
INFO: Run Behavior\ReadHtmlCacheBehavior [ RunTime:0.000687s ]
INFO: [ app_begin ] --END-- [ RunTime:0.000734s ]
SQL: SHOW COLUMNS FROM `think_user` [ RunTime:0.0015s ]
NOTIC: [8] Undefined index: validate /Applications/MAMP/htdocs/ThinkPHP/Library/Think/Model.class.php 第 1185 行.
NOTIC: [8] Undefined index: auto /Applications/MAMP/htdocs/ThinkPHP/Library/Think/Model.class.php 第 1128 行.
SQL: INSERT INTO `think_user` (`name`,`password`,`email`) VALUES ('2','','威4') [ RunTime:0.0007s ]
INFO: [ app_end ] --START--
INFO: Run Behavior\ShowPageTraceBehavior [ RunTime:0.000720s ]
INFO: [ app_end ] --END-- [ RunTime:0.000761s ]

[ 2017-10-12T18:00:34+08:00 ] ::1 /index.php/Home/Index/signup
INFO: [ app_init ] --START--
INFO: Run Behavior\BuildLiteBehavior [ RunTime:0.000021s ]
INFO: [ app_init ] --END-- [ RunTime:0.000694s ]
INFO: [ app_begin ] --START--
INFO: Run Behavior\ReadHtmlCacheBehavior [ RunTime:0.000787s ]
INFO: [ app_begin ] --END-- [ RunTime:0.000842s ]
SQL: SHOW COLUMNS FROM `think_user` [ RunTime:0.0014s ]
NOTIC: [8] Undefined index: validate /Applications/MAMP/htdocs/ThinkPHP/Library/Think/Model.class.php 第 1185 行.
NOTIC: [8] Undefined index: auto /Applications/MAMP/htdocs/ThinkPHP/Library/Think/Model.class.php 第 1128 行.
ERR: 1062:Duplicate entry '威4' for key 'email'
 [ SQL语句 ] : INSERT INTO `think_user` (`name`,`password`,`email`) VALUES ('2','','威4')
ERR: 1062:Duplicate entry '威4' for key 'email'
 [ SQL语句 ] : INSERT INTO `think_user` (`name`,`password`,`email`) VALUES ('2','','威4')

[ 2017-10-12T18:00:47+08:00 ] ::1 /index.php/Home/Index/signup
INFO: [ app_init ] --START--
INFO: Run Behavior\BuildLiteBehavior [ RunTime:0.000015s ]
INFO: [ app_init ] --END-- [ RunTime:0.000374s ]
INFO: [ app_begin ] --START--
INFO: Run Behavior\ReadHtmlCacheBehavior [ RunTime:0.000512s ]
INFO: [ app_begin ] --END-- [ RunTime:0.000571s ]
SQL: SHOW COLUMNS FROM `think_user` [ RunTime:0.0014s ]
NOTIC: [8] Undefined index: validate /Applications/MAMP/htdocs/ThinkPHP/Library/Think/Model.class.php 第 1185 行.
NOTIC: [8] Undefined index: auto /Applications/MAMP/htdocs/ThinkPHP/Library/Think/Model.class.php 第 1128 行.
SQL: INSERT INTO `think_user` (`name`,`password`,`email`) VALUES ('2','','威5') [ RunTime:0.0007s ]
INFO: [ app_end ] --START--
INFO: Run Behavior\ShowPageTraceBehavior [ RunTime:0.000777s ]
INFO: [ app_end ] --END-- [ RunTime:0.000821s ]

[ 2017-10-12T18:03:14+08:00 ] ::1 /index.php/Home/Index/signup
INFO: [ app_init ] --START--
INFO: Run Behavior\BuildLiteBehavior [ RunTime:0.000015s ]
INFO: [ app_init ] --END-- [ RunTime:0.000581s ]
INFO: [ app_begin ] --START--
INFO: Run Behavior\ReadHtmlCacheBehavior [ RunTime:0.000529s ]
INFO: [ app_begin ] --END-- [ RunTime:0.000575s ]
SQL: SHOW COLUMNS FROM `think_user` [ RunTime:0.0015s ]
SQL: SELECT * FROM `think_user` WHERE `email` = '威6' LIMIT 1   [ RunTime:0.0012s ]
INFO: [ app_end ] --START--
INFO: Run Behavior\ShowPageTraceBehavior [ RunTime:0.000645s ]
INFO: [ app_end ] --END-- [ RunTime:0.000712s ]

[ 2017-10-12T18:05:22+08:00 ] ::1 /index.php/Home/Index/signup
INFO: [ app_init ] --START--
INFO: Run Behavior\BuildLiteBehavior [ RunTime:0.000026s ]
INFO: [ app_init ] --END-- [ RunTime:0.000599s ]
INFO: [ app_begin ] --START--
INFO: Run Behavior\ReadHtmlCacheBehavior [ RunTime:0.000734s ]
INFO: [ app_begin ] --END-- [ RunTime:0.000822s ]
SQL: SHOW COLUMNS FROM `think_user` [ RunTime:0.0022s ]
SQL: SELECT * FROM `think_user` WHERE `email` = '威6' LIMIT 1   [ RunTime:0.0005s ]
SQL: SELECT * FROM `think_user` WHERE `email` = '威6' LIMIT 1   [ RunTime:0.0005s ]
SQL: SELECT * FROM `think_user` WHERE `name` = '2' LIMIT 1   [ RunTime:0.0005s ]
INFO: [ app_end ] --START--
INFO: Run Behavior\ShowPageTraceBehavior [ RunTime:0.000536s ]
INFO: [ app_end ] --END-- [ RunTime:0.000577s ]

[ 2017-10-12T18:05:46+08:00 ] ::1 /index.php/Home/Index/signup
INFO: [ app_init ] --START--
INFO: Run Behavior\BuildLiteBehavior [ RunTime:0.000015s ]
INFO: [ app_init ] --END-- [ RunTime:0.000390s ]
INFO: [ app_begin ] --START--
INFO: Run Behavior\ReadHtmlCacheBehavior [ RunTime:0.000727s ]
INFO: [ app_begin ] --END-- [ RunTime:0.000782s ]
SQL: SHOW COLUMNS FROM `think_user` [ RunTime:0.0014s ]
SQL: SELECT * FROM `think_user` WHERE `email` = 'zhufadong@163.com' LIMIT 1   [ RunTime:0.0004s ]
SQL: SELECT * FROM `think_user` WHERE `email` = 'zhufadong@163.com' LIMIT 1   [ RunTime:0.0004s ]
SQL: SELECT * FROM `think_user` WHERE `name` = 'name' LIMIT 1   [ RunTime:0.0004s ]
NOTIC: [8] Undefined index: auto /Applications/MAMP/htdocs/ThinkPHP/Library/Think/Model.class.php 第 1128 行.
SQL: INSERT INTO `think_user` (`name`,`password`,`email`) VALUES ('name','111','zhufadong@163.com') [ RunTime:0.0007s ]
INFO: [ app_end ] --START--
INFO: Run Behavior\ShowPageTraceBehavior [ RunTime:0.000525s ]
INFO: [ app_end ] --END-- [ RunTime:0.000564s ]

[ 2017-10-12T18:07:00+08:00 ] ::1 /index.php/Home/Index/signup
INFO: [ app_init ] --START--
INFO: Run Behavior\BuildLiteBehavior [ RunTime:0.000012s ]
INFO: [ app_init ] --END-- [ RunTime:0.000330s ]
INFO: [ app_begin ] --START--
INFO: Run Behavior\ReadHtmlCacheBehavior [ RunTime:0.000671s ]
INFO: [ app_begin ] --END-- [ RunTime:0.000767s ]
SQL: SHOW COLUMNS FROM `think_user` [ RunTime:0.0023s ]
SQL: SELECT * FROM `think_user` WHERE `email` = 'zhufadon@163.com' LIMIT 1   [ RunTime:0.0004s ]
SQL: SELECT * FROM `think_user` WHERE `email` = 'zhufadon@163.com' LIMIT 1   [ RunTime:0.0004s ]
SQL: SELECT * FROM `think_user` WHERE `name` = 'name' LIMIT 1   [ RunTime:0.0004s ]
INFO: [ app_end ] --START--
INFO: Run Behavior\ShowPageTraceBehavior [ RunTime:0.000513s ]
INFO: [ app_end ] --END-- [ RunTime:0.000582s ]

[ 2017-10-12T18:07:12+08:00 ] ::1 /index.php/Home/Index/signup
INFO: [ app_init ] --START--
INFO: Run Behavior\BuildLiteBehavior [ RunTime:0.000026s ]
INFO: [ app_init ] --END-- [ RunTime:0.000619s ]
INFO: [ app_begin ] --START--
INFO: Run Behavior\ReadHtmlCacheBehavior [ RunTime:0.000613s ]
INFO: [ app_begin ] --END-- [ RunTime:0.000663s ]
SQL: SHOW COLUMNS FROM `think_user` [ RunTime:0.0026s ]
SQL: SELECT * FROM `think_user` WHERE `email` = 'zhufadon@163.com' LIMIT 1   [ RunTime:0.0004s ]
SQL: SELECT * FROM `think_user` WHERE `email` = 'zhufadon@163.com' LIMIT 1   [ RunTime:0.0004s ]
SQL: SELECT * FROM `think_user` WHERE `name` = 'name5' LIMIT 1   [ RunTime:0.0004s ]
NOTIC: [8] Undefined index: auto /Applications/MAMP/htdocs/ThinkPHP/Library/Think/Model.class.php 第 1128 行.
SQL: INSERT INTO `think_user` (`name`,`password`,`email`) VALUES ('name5','123','zhufadon@163.com') [ RunTime:0.0007s ]
INFO: [ app_end ] --START--
INFO: Run Behavior\ShowPageTraceBehavior [ RunTime:0.000504s ]
INFO: [ app_end ] --END-- [ RunTime:0.000539s ]

